0 info it worked if it ends with ok
1 verbose cli [ 'C:\\Program Files\\nodejs\\node.exe',
1 verbose cli   'C:\\Program Files\\nodejs\\node_modules\\npm\\bin\\npm-cli.js',
1 verbose cli   'start' ]
2 info using npm@3.10.10
3 info using node@v6.11.1
4 verbose run-script [ 'prestart', 'start', 'poststart' ]
5 info lifecycle pluralsight-redux-starter@1.0.0~prestart: pluralsight-redux-starter@1.0.0
6 verbose lifecycle pluralsight-redux-starter@1.0.0~prestart: unsafe-perm in lifecycle true
7 verbose lifecycle pluralsight-redux-starter@1.0.0~prestart: PATH: C:\Program Files\nodejs\node_modules\npm\bin\node-gyp-bin;D:\Study\ReactJS\React-Redux\node_modules\.bin;C:\WINDOWS\system32;C:\WINDOWS;C:\WINDOWS\System32\Wbem;C:\WINDOWS\System32\WindowsPowerShell\v1.0\;C:\Program Files (x86)\Skype\Phone\;C:\Program Files\dotnet\;C:\Program Files\Git\cmd;C:\Program Files\nodejs\;C:\Program Files\Microsoft SQL Server\130\Tools\Binn\;C:\Program Files\TortoiseSVN\bin;C:\Program Files\Microsoft SQL Server\120\Tools\Binn\;C:\Program Files\Microsoft SQL Server\Client SDK\ODBC\110\Tools\Binn\;C:\Program Files (x86)\Microsoft SQL Server\120\Tools\Binn\;C:\Program Files\Microsoft SQL Server\120\DTS\Binn\;C:\Program Files (x86)\Microsoft SQL Server\120\Tools\Binn\ManagementStudio\;C:\Program Files (x86)\Microsoft SQL Server\120\DTS\Binn\;C:\Users\phucngoh\AppData\Local\Programs\Python\Python36-32\Scripts\;C:\Users\phucngoh\AppData\Local\Programs\Python\Python36-32\;C:\Users\phucngoh\AppData\Local\Microsoft\WindowsApps;C:\Users\phucngoh\AppData\Roaming\npm;C:\Program Files (x86)\Microsoft VS Code\bin
8 verbose lifecycle pluralsight-redux-starter@1.0.0~prestart: CWD: D:\Study\ReactJS\React-Redux
9 silly lifecycle pluralsight-redux-starter@1.0.0~prestart: Args: [ '/d /s /c', 'babel-node tools/startMessage.js' ]
10 silly lifecycle pluralsight-redux-starter@1.0.0~prestart: Returned: code: 0  signal: null
11 info lifecycle pluralsight-redux-starter@1.0.0~start: pluralsight-redux-starter@1.0.0
12 verbose lifecycle pluralsight-redux-starter@1.0.0~start: unsafe-perm in lifecycle true
13 verbose lifecycle pluralsight-redux-starter@1.0.0~start: PATH: C:\Program Files\nodejs\node_modules\npm\bin\node-gyp-bin;D:\Study\ReactJS\React-Redux\node_modules\.bin;C:\WINDOWS\system32;C:\WINDOWS;C:\WINDOWS\System32\Wbem;C:\WINDOWS\System32\WindowsPowerShell\v1.0\;C:\Program Files (x86)\Skype\Phone\;C:\Program Files\dotnet\;C:\Program Files\Git\cmd;C:\Program Files\nodejs\;C:\Program Files\Microsoft SQL Server\130\Tools\Binn\;C:\Program Files\TortoiseSVN\bin;C:\Program Files\Microsoft SQL Server\120\Tools\Binn\;C:\Program Files\Microsoft SQL Server\Client SDK\ODBC\110\Tools\Binn\;C:\Program Files (x86)\Microsoft SQL Server\120\Tools\Binn\;C:\Program Files\Microsoft SQL Server\120\DTS\Binn\;C:\Program Files (x86)\Microsoft SQL Server\120\Tools\Binn\ManagementStudio\;C:\Program Files (x86)\Microsoft SQL Server\120\DTS\Binn\;C:\Users\phucngoh\AppData\Local\Programs\Python\Python36-32\Scripts\;C:\Users\phucngoh\AppData\Local\Programs\Python\Python36-32\;C:\Users\phucngoh\AppData\Local\Microsoft\WindowsApps;C:\Users\phucngoh\AppData\Roaming\npm;C:\Program Files (x86)\Microsoft VS Code\bin
14 verbose lifecycle pluralsight-redux-starter@1.0.0~start: CWD: D:\Study\ReactJS\React-Redux
15 silly lifecycle pluralsight-redux-starter@1.0.0~start: Args: [ '/d /s /c',
15 silly lifecycle   'npm-run-all --parallel test:watch open:src lint:watch' ]
16 verbose stack Error: kill ENOSYS
16 verbose stack     at exports._errnoException (util.js:1018:11)
16 verbose stack     at process.kill (internal/process.js:190:13)
16 verbose stack     at process.listener (C:\Program Files\nodejs\node_modules\npm\node_modules\npmlog\node_modules\gauge\node_modules\signal-exit\index.js:86:15)
16 verbose stack     at emitNone (events.js:91:20)
16 verbose stack     at process.emit (events.js:185:7)
16 verbose stack     at processEmit (C:\Program Files\nodejs\node_modules\npm\node_modules\npmlog\node_modules\gauge\node_modules\signal-exit\index.js:146:32)
16 verbose stack     at processEmit (C:\Program Files\nodejs\node_modules\npm\node_modules\npm-registry-client\node_modules\npmlog\node_modules\gauge\node_modules\signal-exit\index.js:146:32)
16 verbose stack     at Signal.wrap.onsignal (internal/process.js:217:44)
17 verbose cwd D:\Study\ReactJS\React-Redux
18 error Windows_NT 10.0.15063
19 error argv "C:\\Program Files\\nodejs\\node.exe" "C:\\Program Files\\nodejs\\node_modules\\npm\\bin\\npm-cli.js" "start"
20 error node v6.11.1
21 error npm  v3.10.10
22 error code ENOSYS
23 error errno ENOSYS
24 error syscall kill
25 error kill ENOSYS
26 error If you need help, you may report this error at:
26 error     <https://github.com/npm/npm/issues>
27 verbose exit [ 1, true ]
